  App.cpp
c:\users\djsta\desktop\old classes\cse165\final project\sorter.h(14): warning C4553: '==': operator has no effect; did you intend '='?
c:\users\djsta\desktop\old classes\cse165\final project\sorter.h(41): warning C4018: '<': signed/unsigned mismatch
c:\users\djsta\desktop\old classes\cse165\final project\sorter.h(42): warning C4018: '<': signed/unsigned mismatch
c:\users\djsta\desktop\old classes\cse165\final project\sorter.h(64): warning C4018: '<': signed/unsigned mismatch
c:\users\djsta\desktop\old classes\cse165\final project\sorter.h(66): warning C4018: '<': signed/unsigned mismatch
c:\users\djsta\desktop\old classes\cse165\final project\sorter.h(93): warning C4018: '<': signed/unsigned mismatch
c:\users\djsta\desktop\old classes\cse165\final project\app.cpp(32): warning C4244: '=': conversion from 'double' to 'int', possible loss of data
c:\users\djsta\desktop\old classes\cse165\final project\app.cpp(68): warning C4305: 'argument': truncation from 'double' to 'GLfloat'
c:\users\djsta\desktop\old classes\cse165\final project\app.cpp(216): warning C4244: '=': conversion from 'double' to 'int', possible loss of data
  app_main.cpp
c:\users\djsta\desktop\old classes\cse165\final project\sorter.h(14): warning C4553: '==': operator has no effect; did you intend '='?
c:\users\djsta\desktop\old classes\cse165\final project\sorter.h(41): warning C4018: '<': signed/unsigned mismatch
c:\users\djsta\desktop\old classes\cse165\final project\sorter.h(42): warning C4018: '<': signed/unsigned mismatch
c:\users\djsta\desktop\old classes\cse165\final project\sorter.h(64): warning C4018: '<': signed/unsigned mismatch
c:\users\djsta\desktop\old classes\cse165\final project\sorter.h(66): warning C4018: '<': signed/unsigned mismatch
c:\users\djsta\desktop\old classes\cse165\final project\sorter.h(93): warning C4018: '<': signed/unsigned mismatch
  GlutApp.cpp
c:\users\djsta\desktop\old classes\cse165\final project\glutapp.cpp(42): warning C4305: '-=': truncation from 'double' to 'float'
  Generating Code...
App.obj : warning LNK4075: ignoring '/EDITANDCONTINUE' due to '/SAFESEH' specification
  glutapp.vcxproj -> C:\Users\djsta\Desktop\Old Classes\CSE165\Final Project\visualc15\obj\glutapp_Debug\glutapp.exe
  glutapp.vcxproj -> obj\glutapp_Debug\glutapp.pdb (Full PDB)
